[debug] [2025-03-29T13:29:04.720Z] ----------------------------------------------------------------------
[debug] [2025-03-29T13:29:04.725Z] Command:       C:\Program Files\nodejs\node.exe C:\Users\csong\AppData\Roaming\npm\node_modules\firebase-tools\lib\bin\firebase.js init
[debug] [2025-03-29T13:29:04.726Z] CLI Version:   13.34.0
[debug] [2025-03-29T13:29:04.726Z] Platform:      win32
[debug] [2025-03-29T13:29:04.727Z] Node Version:  v22.14.0
[debug] [2025-03-29T13:29:04.727Z] Time:          Sat Mar 29 2025 14:29:04 GMT+0100 (Central European Standard Time)
[debug] [2025-03-29T13:29:04.727Z] ----------------------------------------------------------------------
[debug] 
[debug] [2025-03-29T13:29:04.734Z] >>> [apiv2][query] GET https://firebase-public.firebaseio.com/cli.json [none]
[debug] [2025-03-29T13:29:04.805Z] > command requires scopes: ["email","openid","https://www.googleapis.com/auth/cloudplatformprojects.readonly","https://www.googleapis.com/auth/firebase","https://www.googleapis.com/auth/cloud-platform"]
[debug] [2025-03-29T13:29:04.805Z] > authorizing via signed-in user (hrvthcsngr@gmail.com)
[info] 
     ######## #### ########  ######## ########     ###     ######  ########
     ##        ##  ##     ## ##       ##     ##  ##   ##  ##       ##
     ######    ##  ########  ######   ########  #########  ######  ######
     ##        ##  ##    ##  ##       ##     ## ##     ##       ## ##
     ##       #### ##     ## ######## ########  ##     ##  ######  ########

You're about to initialize a Firebase project in this directory:

  C:\hang-ter

Before we get started, keep in mind:

  * You are currently outside your home directory

[debug] [2025-03-29T13:29:05.128Z] <<< [apiv2][status] GET https://firebase-public.firebaseio.com/cli.json 200
[debug] [2025-03-29T13:29:05.128Z] <<< [apiv2][body] GET https://firebase-public.firebaseio.com/cli.json {"cloudBuildErrorAfter":1594252800000,"cloudBuildWarnAfter":1590019200000,"defaultNode10After":1594252800000,"minVersion":"3.0.5","node8DeploysDisabledAfter":1613390400000,"node8RuntimeDisabledAfter":1615809600000,"node8WarnAfter":1600128000000}
[debug] [2025-04-12T08:37:57.531Z] ----------------------------------------------------------------------
[debug] [2025-04-12T08:37:57.535Z] Command:       C:\Program Files\nodejs\node.exe C:\Users\csong\AppData\Roaming\npm\node_modules\firebase-tools\lib\bin\firebase.js init
[debug] [2025-04-12T08:37:57.535Z] CLI Version:   13.34.0
[debug] [2025-04-12T08:37:57.535Z] Platform:      win32
[debug] [2025-04-12T08:37:57.536Z] Node Version:  v22.14.0
[debug] [2025-04-12T08:37:57.536Z] Time:          Sat Apr 12 2025 10:37:57 GMT+0200 (Central European Summer Time)
[debug] [2025-04-12T08:37:57.536Z] ----------------------------------------------------------------------
[debug] 
[debug] [2025-04-12T08:37:57.541Z] >>> [apiv2][query] GET https://firebase-public.firebaseio.com/cli.json [none]
[debug] [2025-04-12T08:37:57.645Z] > command requires scopes: ["email","openid","https://www.googleapis.com/auth/cloudplatformprojects.readonly","https://www.googleapis.com/auth/firebase","https://www.googleapis.com/auth/cloud-platform"]
[debug] [2025-04-12T08:37:57.646Z] > authorizing via signed-in user (hrvthcsngr@gmail.com)
[info] 
     ######## #### ########  ######## ########     ###     ######  ########
     ##        ##  ##     ## ##       ##     ##  ##   ##  ##       ##
     ######    ##  ########  ######   ########  #########  ######  ######
     ##        ##  ##    ##  ##       ##     ## ##     ##       ## ##
     ##       #### ##     ## ######## ########  ##     ##  ######  ########

You're about to initialize a Firebase project in this directory:

  C:\hang-ter

Before we get started, keep in mind:

  * You are currently outside your home directory

[debug] [2025-04-12T08:37:57.994Z] <<< [apiv2][status] GET https://firebase-public.firebaseio.com/cli.json 200
[debug] [2025-04-12T08:37:57.995Z] <<< [apiv2][body] GET https://firebase-public.firebaseio.com/cli.json {"cloudBuildErrorAfter":1594252800000,"cloudBuildWarnAfter":1590019200000,"defaultNode10After":1594252800000,"minVersion":"3.0.5","node8DeploysDisabledAfter":1613390400000,"node8RuntimeDisabledAfter":1615809600000,"node8WarnAfter":1600128000000}
